import _frozen_importlib # frozen
import _imp # builtin
import '_thread' # <class '_frozen_importlib.BuiltinImporter'>
import '_warnings' # <class '_frozen_importlib.BuiltinImporter'>
import '_weakref' # <class '_frozen_importlib.BuiltinImporter'>
import '_io' # <class '_frozen_importlib.BuiltinImporter'>
import 'marshal' # <class '_frozen_importlib.BuiltinImporter'>
import 'posix' # <class '_frozen_importlib.BuiltinImporter'>
import '_frozen_importlib_external' # <class '_frozen_importlib.FrozenImporter'>
# installing zipimport hook
import 'time' # <class '_frozen_importlib.BuiltinImporter'>
import 'zipimport' # <class '_frozen_importlib.FrozenImporter'>
# installed zipimport hook
# /Library/Frameworks/Python.framework/Versions/3.14/lib/python3.14/encodings/__pycache__/__init__.cpython-314.pyc matches /Library/Frameworks/Python.framework/Versions/3.14/lib/python3.14/encodings/__init__.py
# code object from '/Library/Frameworks/Python.framework/Versions/3.14/lib/python3.14/encodings/__pycache__/__init__.cpython-314.pyc'
import '_codecs' # <class '_frozen_importlib.BuiltinImporter'>
import 'codecs' # <class '_frozen_importlib.FrozenImporter'>
# /Library/Frameworks/Python.framework/Versions/3.14/lib/python3.14/encodings/__pycache__/aliases.cpython-314.pyc matches /Library/Frameworks/Python.framework/Versions/3.14/lib/python3.14/encodings/aliases.py
# code object from '/Library/Frameworks/Python.framework/Versions/3.14/lib/python3.14/encodings/__pycache__/aliases.cpython-314.pyc'
import 'encodings.aliases' # <_frozen_importlib_external.SourceFileLoader object at 0x102129f90>
import 'encodings' # <_frozen_importlib_external.SourceFileLoader object at 0x1020a52b0>
# /Library/Frameworks/Python.framework/Versions/3.14/lib/python3.14/encodings/__pycache__/utf_8.cpython-314.pyc matches /Library/Frameworks/Python.framework/Versions/3.14/lib/python3.14/encodings/utf_8.py
# code object from '/Library/Frameworks/Python.framework/Versions/3.14/lib/python3.14/encodings/__pycache__/utf_8.cpython-314.pyc'
import 'encodings.utf_8' # <_frozen_importlib_external.SourceFileLoader object at 0x10212a0d0>
import '_signal' # <class '_frozen_importlib.BuiltinImporter'>
import '_abc' # <class '_frozen_importlib.BuiltinImporter'>
import 'abc' # <class '_frozen_importlib.FrozenImporter'>
import '_stat' # <class '_frozen_importlib.BuiltinImporter'>
import 'stat' # <class '_frozen_importlib.FrozenImporter'>
import '_collections_abc' # <class '_frozen_importlib.FrozenImporter'>
import 'errno' # <class '_frozen_importlib.BuiltinImporter'>
import 'genericpath' # <class '_frozen_importlib.FrozenImporter'>
import 'posixpath' # <class '_frozen_importlib.FrozenImporter'>
import 'os' # <class '_frozen_importlib.FrozenImporter'>
import '_sitebuiltins' # <class '_frozen_importlib.FrozenImporter'>
Processing global site-packages
Adding directory: '/Users/aditya/Desktop/Sherlock/backend/venv/lib/python3.14/site-packages'
Processing user site-packages
Processing global site-packages
Adding directory: '/Users/aditya/Desktop/Sherlock/backend/venv/lib/python3.14/site-packages'
import 'site' # <class '_frozen_importlib.FrozenImporter'>
Python 3.14.3 (v3.14.3:323c59a5e34, Feb  3 2026, 11:41:37) [Clang 16.0.0 (clang-1600.0.26.6)] on darwin
Type "help", "copyright", "credits" or "license" for more information.
# /Library/Frameworks/Python.framework/Versions/3.14/lib/python3.14/__pycache__/linecache.cpython-314.pyc matches /Library/Frameworks/Python.framework/Versions/3.14/lib/python3.14/linecache.py
# code object from '/Library/Frameworks/Python.framework/Versions/3.14/lib/python3.14/__pycache__/linecache.cpython-314.pyc'
import 'linecache' # <_frozen_importlib_external.SourceFileLoader object at 0x10212d940>
# /Users/aditya/Desktop/Sherlock/backend/venv/lib/python3.14/site-packages/fastapi/__pycache__/__init__.cpython-314.pyc matches /Users/aditya/Desktop/Sherlock/backend/venv/lib/python3.14/site-packages/fastapi/__init__.py
# code object from '/Users/aditya/Desktop/Sherlock/backend/venv/lib/python3.14/site-packages/fastapi/__pycache__/__init__.cpython-314.pyc'
# /Users/aditya/Desktop/Sherlock/backend/venv/lib/python3.14/site-packages/starlette/__pycache__/__init__.cpython-314.pyc matches /Users/aditya/Desktop/Sherlock/backend/venv/lib/python3.14/site-packages/starlette/__init__.py
# code object from '/Users/aditya/Desktop/Sherlock/backend/venv/lib/python3.14/site-packages/starlette/__pycache__/__init__.cpython-314.pyc'
import 'starlette' # <_frozen_importlib_external.SourceFileLoader object at 0x102af84d0>
# /Users/aditya/Desktop/Sherlock/backend/venv/lib/python3.14/site-packages/starlette/__pycache__/status.cpython-314.pyc matches /Users/aditya/Desktop/Sherlock/backend/venv/lib/python3.14/site-packages/starlette/status.py
# code object from '/Users/aditya/Desktop/Sherlock/backend/venv/lib/python3.14/site-packages/starlette/__pycache__/status.cpython-314.pyc'
# /Library/Frameworks/Python.framework/Versions/3.14/lib/python3.14/__pycache__/__future__.cpython-314.pyc matches /Library/Frameworks/Python.framework/Versions/3.14/lib/python3.14/__future__.py
# code object from '/Library/Frameworks/Python.framework/Versions/3.14/lib/python3.14/__pycache__/__future__.cpython-314.pyc'
import '__future__' # <_frozen_importlib_external.SourceFileLoader object at 0x102ae27a0>
# /Library/Frameworks/Python.framework/Versions/3.14/lib/python3.14/__pycache__/warnings.cpython-314.pyc matches /Library/Frameworks/Python.framework/Versions/3.14/lib/python3.14/warnings.py
# code object from '/Library/Frameworks/Python.framework/Versions/3.14/lib/python3.14/__pycache__/warnings.cpython-314.pyc'
# /Library/Frameworks/Python.framework/Versions/3.14/lib/python3.14/__pycache__/_py_warnings.cpython-314.pyc matches /Library/Frameworks/Python.framework/Versions/3.14/lib/python3.14/_py_warnings.py
# code object from '/Library/Frameworks/Python.framework/Versions/3.14/lib/python3.14/__pycache__/_py_warnings.cpython-314.pyc'
import '_contextvars' # <class '_frozen_importlib.BuiltinImporter'>
import '_py_warnings' # <_frozen_importlib_external.SourceFileLoader object at 0x102ad9f50>
import 'warnings' # <_frozen_importlib_external.SourceFileLoader object at 0x102ad9d50>
import 'starlette.status' # <_frozen_importlib_external.SourceFileLoader object at 0x102ae28b0>
# /Users/aditya/Desktop/Sherlock/backend/venv/lib/python3.14/site-packages/fastapi/__pycache__/applications.cpython-314.pyc matches /Users/aditya/Desktop/Sherlock/backend/venv/lib/python3.14/site-packages/fastapi/applications.py
# code object from '/Users/aditya/Desktop/Sherlock/backend/venv/lib/python3.14/site-packages/fastapi/__pycache__/applications.cpython-314.pyc'
# /Library/Frameworks/Python.framework/Versions/3.14/lib/python3.14/collections/__pycache__/__init__.cpython-314.pyc matches /Library/Frameworks/Python.framework/Versions/3.14/lib/python3.14/collections/__init__.py
# code object from '/Library/Frameworks/Python.framework/Versions/3.14/lib/python3.14/collections/__pycache__/__init__.cpython-314.pyc'
import 'itertools' # <class '_frozen_importlib.BuiltinImporter'>
# /Library/Frameworks/Python.framework/Versions/3.14/lib/python3.14/__pycache__/keyword.cpython-314.pyc matches /Library/Frameworks/Python.framework/Versions/3.14/lib/python3.14/keyword.py
# code object from '/Library/Frameworks/Python.framework/Versions/3.14/lib/python3.14/__pycache__/keyword.cpython-314.pyc'
import 'keyword' # <_frozen_importlib_external.SourceFileLoader object at 0x102b1e890>
# /Library/Frameworks/Python.framework/Versions/3.14/lib/python3.14/__pycache__/operator.cpython-314.pyc matches /Library/Frameworks/Python.framework/Versions/3.14/lib/python3.14/operator.py
# code object from '/Library/Frameworks/Python.framework/Versions/3.14/lib/python3.14/__pycache__/operator.cpython-314.pyc'
import '_operator' # <class '_frozen_importlib.BuiltinImporter'>
import 'operator' # <_frozen_importlib_external.SourceFileLoader object at 0x102b1ec10>
# /Library/Frameworks/Python.framework/Versions/3.14/lib/python3.14/__pycache__/reprlib.cpython-314.pyc matches /Library/Frameworks/Python.framework/Versions/3.14/lib/python3.14/reprlib.py
# code object from '/Library/Frameworks/Python.framework/Versions/3.14/lib/python3.14/__pycache__/reprlib.cpython-314.pyc'
import 'reprlib' # <_frozen_importlib_external.SourceFileLoader object at 0x102b90c80>
import '_collections' # <class '_frozen_importlib.BuiltinImporter'>
import 'collections' # <_frozen_importlib_external.SourceFileLoader object at 0x102afdf40>
# /Library/Frameworks/Python.framework/Versions/3.14/lib/python3.14/__pycache__/enum.cpython-314.pyc matches /Library/Frameworks/Python.framework/Versions/3.14/lib/python3.14/enum.py
# code object from '/Library/Frameworks/Python.framework/Versions/3.14/lib/python3.14/__pycache__/enum.cpython-314.pyc'
# /Library/Frameworks/Python.framework/Versions/3.14/lib/python3.14/__pycache__/types.cpython-314.pyc matches /Library/Frameworks/Python.framework/Versions/3.14/lib/python3.14/types.py
# code object from '/Library/Frameworks/Python.framework/Versions/3.14/lib/python3.14/__pycache__/types.cpython-314.pyc'
import '_types' # <class '_frozen_importlib.BuiltinImporter'>
import 'types' # <_frozen_importlib_external.SourceFileLoader object at 0x1020b7350>
import 'enum' # <_frozen_importlib_external.SourceFileLoader object at 0x1020b6ed0>
# /Library/Frameworks/Python.framework/Versions/3.14/lib/python3.14/__pycache__/typing.cpython-314.pyc matches /Library/Frameworks/Python.framework/Versions/3.14/lib/python3.14/typing.py
# code object from '/Library/Frameworks/Python.framework/Versions/3.14/lib/python3.14/__pycache__/typing.cpython-314.pyc'
# /Library/Frameworks/Python.framework/Versions/3.14/lib/python3.14/__pycache__/copyreg.cpython-314.pyc matches /Library/Frameworks/Python.framework/Versions/3.14/lib/python3.14/copyreg.py
# code object from '/Library/Frameworks/Python.framework/Versions/3.14/lib/python3.14/__pycache__/copyreg.cpython-314.pyc'
import 'copyreg' # <_frozen_importlib_external.SourceFileLoader object at 0x102bd7120>
# /Library/Frameworks/Python.framework/Versions/3.14/lib/python3.14/__pycache__/functools.cpython-314.pyc matches /Library/Frameworks/Python.framework/Versions/3.14/lib/python3.14/functools.py
# code object from '/Library/Frameworks/Python.framework/Versions/3.14/lib/python3.14/__pycache__/functools.cpython-314.pyc'
import '_functools' # <class '_frozen_importlib.BuiltinImporter'>
import 'functools' # <_frozen_importlib_external.SourceFileLoader object at 0x102bad590>
import '_typing' # <class '_frozen_importlib.BuiltinImporter'>
import 'typing' # <_frozen_importlib_external.SourceFileLoader object at 0x102b42780>
# /Users/aditya/Desktop/Sherlock/backend/venv/lib/python3.14/site-packages/annotated_doc/__pycache__/__init__.cpython-314.pyc matches /Users/aditya/Desktop/Sherlock/backend/venv/lib/python3.14/site-packages/annotated_doc/__init__.py
# code object from '/Users/aditya/Desktop/Sherlock/backend/venv/lib/python3.14/site-packages/annotated_doc/__pycache__/__init__.cpython-314.pyc'
# /Users/aditya/Desktop/Sherlock/backend/venv/lib/python3.14/site-packages/annotated_doc/__pycache__/main.cpython-314.pyc matches /Users/aditya/Desktop/Sherlock/backend/venv/lib/python3.14/site-packages/annotated_doc/main.py
# code object from '/Users/aditya/Desktop/Sherlock/backend/venv/lib/python3.14/site-packages/annotated_doc/__pycache__/main.cpython-314.pyc'
import 'annotated_doc.main' # <_frozen_importlib_external.SourceFileLoader object at 0x102b59f40>
import 'annotated_doc' # <_frozen_importlib_external.SourceFileLoader object at 0x102baf1b0>
